<?xml version="1.0" encoding="UTF-8"?>
<!-- Generated by org.testng.reporters.JUnitReportReporter -->
<testsuite skipped="0" hostname="W-7FM3M13" name="com.selenium.docker.zalenium.TestChromeZalenium_2" tests="1" failures="0" timestamp="2020-10-22T21:08:03 IST" time="28.841" errors="0">
  <testcase name="googleSearch2" time="28.841" classname="com.selenium.docker.zalenium.TestChromeZalenium_2"/>
  <system-out/>
</testsuite> <!-- com.selenium.docker.zalenium.TestChromeZalenium_2 -->
