<?xml version="1.0" encoding="UTF-8"?>
<!-- Generated by org.testng.reporters.JUnitReportReporter -->
<testsuite skipped="0" hostname="INLN56581100A" name="testNG.ParallelTestCheck" tests="3" failures="0" timestamp="10 Jun 2020 12:53:28 GMT" time="124.654" errors="0">
  <testcase name="executSessionThree" time="22.422" classname="testNG.ParallelTestCheck"/>
  <testcase name="executSessionOne" time="18.825" classname="testNG.ParallelTestCheck"/>
  <testcase name="executeSessionTwo" time="83.407" classname="testNG.ParallelTestCheck"/>
</testsuite> <!-- testNG.ParallelTestCheck -->
