<?xml version="1.0" encoding="UTF-8"?>
<!-- Generated by org.testng.reporters.JUnitReportReporter -->
<testsuite hostname="W-7FM3M13" failures="0" tests="4" name="com.selenium.docker.zalenium.TestChromeZalenium" time="193.584" errors="0" timestamp="2020-10-28T16:38:32 IST" skipped="0">
  <testcase classname="com.selenium.docker.zalenium.TestChromeZalenium" name="googleSearch2" time="55.150"/>
  <system-out/>
  <testcase classname="com.selenium.docker.zalenium.TestChromeZalenium" name="googleSearch2" time="54.080"/>
  <system-out/>
  <testcase classname="com.selenium.docker.zalenium.TestChromeZalenium" name="googleSearch" time="43.629"/>
  <system-out/>
  <testcase classname="com.selenium.docker.zalenium.TestChromeZalenium" name="googleSearch2" time="40.725"/>
  <system-out/>
</testsuite> <!-- com.selenium.docker.zalenium.TestChromeZalenium -->
