<?xml version="1.0" encoding="UTF-8"?>
<!-- Generated by org.testng.reporters.JUnitReportReporter -->
<testsuite hostname="W-7FM3M13" failures="0" tests="5" name="com.selenium.docker.TestChrome" time="155.034" errors="0" timestamp="2020-10-28T13:45:49 IST" skipped="0">
  <testcase classname="com.selenium.docker.TestChrome" name="googleSearch" time="33.595"/>
  <system-out/>
  <testcase classname="com.selenium.docker.TestChrome" name="googleSearch" time="36.506"/>
  <system-out/>
  <testcase classname="com.selenium.docker.TestChrome" name="googleSearch" time="22.499"/>
  <system-out/>
  <testcase classname="com.selenium.docker.TestChrome" name="googleSearch" time="23.085"/>
  <system-out/>
  <testcase classname="com.selenium.docker.TestChrome" name="googleSearch" time="39.349"/>
  <system-out/>
</testsuite> <!-- com.selenium.docker.TestChrome -->
