<?xml version="1.0" encoding="UTF-8"?>
<!-- Generated by org.testng.reporters.JUnitReportReporter -->
<testsuite skipped="0" hostname="W-7FM3M13" name="com.selenium.docker.zalenium.TestChromeZalenium" tests="2" failures="0" timestamp="2020-10-22T21:41:47 IST" time="57.677" errors="0">
  <testcase name="googleSearch" time="30.641" classname="com.selenium.docker.zalenium.TestChromeZalenium"/>
  <system-out/>
  <testcase name="googleSearch2" time="27.036" classname="com.selenium.docker.zalenium.TestChromeZalenium"/>
  <system-out/>
</testsuite> <!-- com.selenium.docker.zalenium.TestChromeZalenium -->
