<?xml version="1.0" encoding="UTF-8"?>
<!-- Generated by org.testng.reporters.JUnitReportReporter -->
<testsuite skipped="0" hostname="W-7FM3M13" name="com.selenium.docker.TestChrome2" tests="4" failures="0" timestamp="2020-10-22T21:54:10 IST" time="188.986" errors="0">
  <testcase name="googleSearch3" time="47.099" classname="com.selenium.docker.TestChrome2"/>
  <system-out/>
  <testcase name="googleSearch2" time="27.323" classname="com.selenium.docker.TestChrome2"/>
  <system-out/>
  <testcase name="googleSearch4" time="84.588" classname="com.selenium.docker.TestChrome2"/>
  <system-out/>
  <testcase name="googleSearch" time="29.976" classname="com.selenium.docker.TestChrome2"/>
  <system-out/>
</testsuite> <!-- com.selenium.docker.TestChrome2 -->
